<?xml version="1.0" encoding="UTF-8"?>
<!-- Generated by org.testng.reporters.JUnitReportReporter -->
<testsuite skipped="7" hostname="DESKTOP-1HA69MB" name="com.orangehrm.git.test.LoginTest" tests="8" failures="0" timestamp="11 Jan 2020 14:30:41 GMT" time="27.944" errors="0">
  <testcase name="verifyInValidLoginNameTest" time="27.944" classname="com.orangehrm.git.test.LoginTest"/>
  <testcase name="verifyInValidPasswordTest" classname="com.orangehrm.git.test.LoginTest">
    <skipped/>
  </testcase> <!-- verifyInValidPasswordTest -->
  <testcase name="verifySpecialCharInLoginName" classname="com.orangehrm.git.test.LoginTest">
    <skipped/>
  </testcase> <!-- verifySpecialCharInLoginName -->
  <testcase name="verifyThirdPartyLogosOnLoginScreen" classname="com.orangehrm.git.test.LoginTest">
    <skipped/>
  </testcase> <!-- verifyThirdPartyLogosOnLoginScreen -->
  <testcase name="verifyLoginWithBlankLoginName" classname="com.orangehrm.git.test.LoginTest">
    <skipped/>
  </testcase> <!-- verifyLoginWithBlankLoginName -->
  <testcase name="verifyLengthOfLoginNameField" classname="com.orangehrm.git.test.LoginTest">
    <skipped/>
  </testcase> <!-- verifyLengthOfLoginNameField -->
  <testcase name="verifyValidLoginTest" classname="com.orangehrm.git.test.LoginTest">
    <skipped/>
  </testcase> <!-- verifyValidLoginTest -->
  <testcase name="verifyLoginWithBlankPass" classname="com.orangehrm.git.test.LoginTest">
    <skipped/>
  </testcase> <!-- verifyLoginWithBlankPass -->
</testsuite> <!-- com.orangehrm.git.test.LoginTest -->
